<?xml version="1.0" encoding="UTF-8"?>
<testsuite name="com.project.dudu.repositories.CabinetRepositoryTest" tests="1" skipped="0" failures="0" errors="0" timestamp="2024-11-27T11:57:24" hostname="DESKTOP-C55DRCC" time="1.623">
  <properties/>
  <testcase name="save220Cabinet()" classname="com.project.dudu.repositories.CabinetRepositoryTest" time="1.623"/>
  <system-out><![CDATA[20:57:18.035 [Test worker] INFO org.springframework.test.context.support.AnnotationConfigContextLoaderUtils -- Could not detect default configuration classes for test class [com.project.dudu.repositories.CabinetRepositoryTest]: CabinetRepositoryTest does not declare any static, non-private, non-final, nested classes annotated with @Configuration.
20:57:18.254 [Test worker] INFO org.springframework.boot.test.context.SpringBootTestContextBootstrapper -- Found @SpringBootConfiguration com.project.dudu.DuduApplication for test class com.project.dudu.repositories.CabinetRepositoryTest

  .   ____          _            __ _ _
 /\\ / ___'_ __ _ _(_)_ __  __ _ \ \ \ \
( ( )\___ | '_ | '_| | '_ \/ _` | \ \ \ \
 \\/  ___)| |_)| | | | | || (_| |  ) ) ) )
  '  |____| .__|_| |_|_| |_\__, | / / / /
 =========|_|==============|___/=/_/_/_/
 :: Spring Boot ::               (v3.2.10)

2024-11-27T20:57:18.815+09:00  INFO 15852 --- [    Test worker] c.p.d.r.CabinetRepositoryTest            : Starting CabinetRepositoryTest using Java 17.0.11 with PID 15852 (started by qorwh in C:\Users\qorwh\OneDrive\바탕 화면\학교\24-2학기\도전학기\dudu\dudu)
2024-11-27T20:57:18.817+09:00  INFO 15852 --- [    Test worker] c.p.d.r.CabinetRepositoryTest            : No active profile set, falling back to 1 default profile: "default"
2024-11-27T20:57:19.799+09:00  INFO 15852 --- [    Test worker] .s.d.r.c.RepositoryConfigurationDelegate : Bootstrapping Spring Data JPA repositories in DEFAULT mode.
2024-11-27T20:57:19.927+09:00  INFO 15852 --- [    Test worker] .s.d.r.c.RepositoryConfigurationDelegate : Finished Spring Data repository scanning in 108 ms. Found 6 JPA repository interfaces.
2024-11-27T20:57:20.389+09:00  INFO 15852 --- [    Test worker] ptablePropertiesBeanFactoryPostProcessor : Post-processing PropertySource instances
2024-11-27T20:57:20.391+09:00  INFO 15852 --- [    Test worker] c.u.j.EncryptablePropertySourceConverter : Skipping PropertySource configurationProperties [class org.springframework.boot.context.properties.source.ConfigurationPropertySourcesPropertySource
2024-11-27T20:57:20.395+09:00  INFO 15852 --- [    Test worker] c.u.j.EncryptablePropertySourceConverter : Converting PropertySource test [org.springframework.core.env.MapPropertySource] to EncryptableMapPropertySourceWrapper
2024-11-27T20:57:20.396+09:00  INFO 15852 --- [    Test worker] c.u.j.EncryptablePropertySourceConverter : Converting PropertySource Inlined Test Properties [org.springframework.core.env.MapPropertySource] to EncryptableMapPropertySourceWrapper
2024-11-27T20:57:20.396+09:00  INFO 15852 --- [    Test worker] c.u.j.EncryptablePropertySourceConverter : Skipping PropertySource servletConfigInitParams [class org.springframework.core.env.PropertySource$StubPropertySource
2024-11-27T20:57:20.396+09:00  INFO 15852 --- [    Test worker] c.u.j.EncryptablePropertySourceConverter : Converting PropertySource servletContextInitParams [org.springframework.web.context.support.ServletContextPropertySource] to EncryptableEnumerablePropertySourceWrapper
2024-11-27T20:57:20.396+09:00  INFO 15852 --- [    Test worker] c.u.j.EncryptablePropertySourceConverter : Converting PropertySource systemProperties [org.springframework.core.env.PropertiesPropertySource] to EncryptableMapPropertySourceWrapper
2024-11-27T20:57:20.397+09:00  INFO 15852 --- [    Test worker] c.u.j.EncryptablePropertySourceConverter : Converting PropertySource systemEnvironment [org.springframework.boot.env.SystemEnvironmentPropertySourceEnvironmentPostProcessor$OriginAwareSystemEnvironmentPropertySource] to EncryptableSystemEnvironmentPropertySourceWrapper
2024-11-27T20:57:20.397+09:00  INFO 15852 --- [    Test worker] c.u.j.EncryptablePropertySourceConverter : Converting PropertySource random [org.springframework.boot.env.RandomValuePropertySource] to EncryptablePropertySourceWrapper
2024-11-27T20:57:20.397+09:00  INFO 15852 --- [    Test worker] c.u.j.EncryptablePropertySourceConverter : Converting PropertySource Config resource 'class path resource [application.yaml]' via location 'optional:classpath:/' [org.springframework.boot.env.OriginTrackedMapPropertySource] to EncryptableMapPropertySourceWrapper
2024-11-27T20:57:20.582+09:00  INFO 15852 --- [    Test worker] c.u.j.filter.DefaultLazyPropertyFilter   : Property Filter custom Bean not found with name 'encryptablePropertyFilter'. Initializing Default Property Filter
2024-11-27T20:57:20.596+09:00  INFO 15852 --- [    Test worker] c.u.j.r.DefaultLazyPropertyResolver      : Property Resolver custom Bean not found with name 'encryptablePropertyResolver'. Initializing Default Property Resolver
2024-11-27T20:57:20.599+09:00  INFO 15852 --- [    Test worker] c.u.j.d.DefaultLazyPropertyDetector      : Property Detector custom Bean not found with name 'encryptablePropertyDetector'. Initializing Default Property Detector
2024-11-27T20:57:20.780+09:00  INFO 15852 --- [    Test worker] o.hibernate.jpa.internal.util.LogHelper  : HHH000204: Processing PersistenceUnitInfo [name: default]
2024-11-27T20:57:20.842+09:00  INFO 15852 --- [    Test worker] org.hibernate.Version                    : HHH000412: Hibernate ORM core version 6.4.10.Final
2024-11-27T20:57:20.883+09:00  INFO 15852 --- [    Test worker] o.h.c.internal.RegionFactoryInitiator    : HHH000026: Second-level cache disabled
2024-11-27T20:57:21.226+09:00  INFO 15852 --- [    Test worker] o.s.o.j.p.SpringPersistenceUnitInfo      : No LoadTimeWeaver setup: ignoring JPA class transformer
2024-11-27T20:57:21.268+09:00  INFO 15852 --- [    Test worker] com.zaxxer.hikari.HikariDataSource       : HikariPool-1 - Starting...
2024-11-27T20:57:21.444+09:00  INFO 15852 --- [    Test worker] com.zaxxer.hikari.pool.HikariPool        : HikariPool-1 - Added connection com.mysql.cj.jdbc.ConnectionImpl@6c519e47
2024-11-27T20:57:21.446+09:00  INFO 15852 --- [    Test worker] com.zaxxer.hikari.HikariDataSource       : HikariPool-1 - Start completed.
2024-11-27T20:57:22.809+09:00  INFO 15852 --- [    Test worker] o.h.e.t.j.p.i.JtaPlatformInitiator       : HHH000489: No JTA platform available (set 'hibernate.transaction.jta.platform' to enable JTA platform integration)
2024-11-27T20:57:22.882+09:00  INFO 15852 --- [    Test worker] j.LocalContainerEntityManagerFactoryBean : Initialized JPA EntityManagerFactory for persistence unit 'default'
2024-11-27T20:57:23.336+09:00  INFO 15852 --- [    Test worker] o.s.d.j.r.query.QueryEnhancerFactory     : Hibernate is in classpath; If applicable, HQL parser will be used.
2024-11-27T20:57:24.744+09:00  INFO 15852 --- [    Test worker] c.p.d.r.CabinetRepositoryTest            : Started CabinetRepositoryTest in 6.258 seconds (process running for 7.825)
Hibernate: 
    insert 
    into
        cabinet_t
        (create_at, cabinet_department, update_at) 
    values
        (?, ?, ?)
Hibernate: 
    insert 
    into
        cabinet_t
        (create_at, cabinet_department, update_at) 
    values
        (?, ?, ?)
Hibernate: 
    insert 
    into
        cabinet_t
        (create_at, cabinet_department, update_at) 
    values
        (?, ?, ?)
Hibernate: 
    insert 
    into
        cabinet_t
        (create_at, cabinet_department, update_at) 
    values
        (?, ?, ?)
Hibernate: 
    insert 
    into
        cabinet_t
        (create_at, cabinet_department, update_at) 
    values
        (?, ?, ?)
Hibernate: 
    insert 
    into
        cabinet_t
        (create_at, cabinet_department, update_at) 
    values
        (?, ?, ?)
Hibernate: 
    insert 
    into
        cabinet_t
        (create_at, cabinet_department, update_at) 
    values
        (?, ?, ?)
Hibernate: 
    insert 
    into
        cabinet_t
        (create_at, cabinet_department, update_at) 
    values
        (?, ?, ?)
Hibernate: 
    insert 
    into
        cabinet_t
        (create_at, cabinet_department, update_at) 
    values
        (?, ?, ?)
Hibernate: 
    insert 
    into
        cabinet_t
        (create_at, cabinet_department, update_at) 
    values
        (?, ?, ?)
Hibernate: 
    insert 
    into
        cabinet_t
        (create_at, cabinet_department, update_at) 
    values
        (?, ?, ?)
Hibernate: 
    insert 
    into
        cabinet_t
        (create_at, cabinet_department, update_at) 
    values
        (?, ?, ?)
Hibernate: 
    insert 
    into
        cabinet_t
        (create_at, cabinet_department, update_at) 
    values
        (?, ?, ?)
Hibernate: 
    insert 
    into
        cabinet_t
        (create_at, cabinet_department, update_at) 
    values
        (?, ?, ?)
Hibernate: 
    insert 
    into
        cabinet_t
        (create_at, cabinet_department, update_at) 
    values
        (?, ?, ?)
Hibernate: 
    insert 
    into
        cabinet_t
        (create_at, cabinet_department, update_at) 
    values
        (?, ?, ?)
Hibernate: 
    insert 
    into
        cabinet_t
        (create_at, cabinet_department, update_at) 
    values
        (?, ?, ?)
Hibernate: 
    insert 
    into
        cabinet_t
        (create_at, cabinet_department, update_at) 
    values
        (?, ?, ?)
Hibernate: 
    insert 
    into
        cabinet_t
        (create_at, cabinet_department, update_at) 
    values
        (?, ?, ?)
Hibernate: 
    insert 
    into
        cabinet_t
        (create_at, cabinet_department, update_at) 
    values
        (?, ?, ?)
Hibernate: 
    insert 
    into
        cabinet_t
        (create_at, cabinet_department, update_at) 
    values
        (?, ?, ?)
Hibernate: 
    insert 
    into
        cabinet_t
        (create_at, cabinet_department, update_at) 
    values
        (?, ?, ?)
Hibernate: 
    insert 
    into
        cabinet_t
        (create_at, cabinet_department, update_at) 
    values
        (?, ?, ?)
Hibernate: 
    insert 
    into
        cabinet_t
        (create_at, cabinet_department, update_at) 
    values
        (?, ?, ?)
Hibernate: 
    insert 
    into
        cabinet_t
        (create_at, cabinet_department, update_at) 
    values
        (?, ?, ?)
Hibernate: 
    insert 
    into
        cabinet_t
        (create_at, cabinet_department, update_at) 
    values
        (?, ?, ?)
Hibernate: 
    insert 
    into
        cabinet_t
        (create_at, cabinet_department, update_at) 
    values
        (?, ?, ?)
Hibernate: 
    insert 
    into
        cabinet_t
        (create_at, cabinet_department, update_at) 
    values
        (?, ?, ?)
Hibernate: 
    insert 
    into
        cabinet_t
        (create_at, cabinet_department, update_at) 
    values
        (?, ?, ?)
Hibernate: 
    insert 
    into
        cabinet_t
        (create_at, cabinet_department, update_at) 
    values
        (?, ?, ?)
Hibernate: 
    insert 
    into
        cabinet_t
        (create_at, cabinet_department, update_at) 
    values
        (?, ?, ?)
Hibernate: 
    insert 
    into
        cabinet_t
        (create_at, cabinet_department, update_at) 
    values
        (?, ?, ?)
Hibernate: 
    insert 
    into
        cabinet_t
        (create_at, cabinet_department, update_at) 
    values
        (?, ?, ?)
Hibernate: 
    insert 
    into
        cabinet_t
        (create_at, cabinet_department, update_at) 
    values
        (?, ?, ?)
Hibernate: 
    insert 
    into
        cabinet_t
        (create_at, cabinet_department, update_at) 
    values
        (?, ?, ?)
Hibernate: 
    insert 
    into
        cabinet_t
        (create_at, cabinet_department, update_at) 
    values
        (?, ?, ?)
Hibernate: 
    insert 
    into
        cabinet_t
        (create_at, cabinet_department, update_at) 
    values
        (?, ?, ?)
Hibernate: 
    insert 
    into
        cabinet_t
        (create_at, cabinet_department, update_at) 
    values
        (?, ?, ?)
Hibernate: 
    insert 
    into
        cabinet_t
        (create_at, cabinet_department, update_at) 
    values
        (?, ?, ?)
Hibernate: 
    insert 
    into
        cabinet_t
        (create_at, cabinet_department, update_at) 
    values
        (?, ?, ?)
Hibernate: 
    insert 
    into
        cabinet_t
        (create_at, cabinet_department, update_at) 
    values
        (?, ?, ?)
Hibernate: 
    insert 
    into
        cabinet_t
        (create_at, cabinet_department, update_at) 
    values
        (?, ?, ?)
Hibernate: 
    insert 
    into
        cabinet_t
        (create_at, cabinet_department, update_at) 
    values
        (?, ?, ?)
Hibernate: 
    insert 
    into
        cabinet_t
        (create_at, cabinet_department, update_at) 
    values
        (?, ?, ?)
Hibernate: 
    insert 
    into
        cabinet_t
        (create_at, cabinet_department, update_at) 
    values
        (?, ?, ?)
Hibernate: 
    insert 
    into
        cabinet_t
        (create_at, cabinet_department, update_at) 
    values
        (?, ?, ?)
Hibernate: 
    insert 
    into
        cabinet_t
        (create_at, cabinet_department, update_at) 
    values
        (?, ?, ?)
Hibernate: 
    insert 
    into
        cabinet_t
        (create_at, cabinet_department, update_at) 
    values
        (?, ?, ?)
Hibernate: 
    insert 
    into
        cabinet_t
        (create_at, cabinet_department, update_at) 
    values
        (?, ?, ?)
Hibernate: 
    insert 
    into
        cabinet_t
        (create_at, cabinet_department, update_at) 
    values
        (?, ?, ?)
Hibernate: 
    insert 
    into
        cabinet_t
        (create_at, cabinet_department, update_at) 
    values
        (?, ?, ?)
Hibernate: 
    insert 
    into
        cabinet_t
        (create_at, cabinet_department, update_at) 
    values
        (?, ?, ?)
Hibernate: 
    insert 
    into
        cabinet_t
        (create_at, cabinet_department, update_at) 
    values
        (?, ?, ?)
Hibernate: 
    insert 
    into
        cabinet_t
        (create_at, cabinet_department, update_at) 
    values
        (?, ?, ?)
Hibernate: 
    insert 
    into
        cabinet_t
        (create_at, cabinet_department, update_at) 
    values
        (?, ?, ?)
Hibernate: 
    insert 
    into
        cabinet_t
        (create_at, cabinet_department, update_at) 
    values
        (?, ?, ?)
Hibernate: 
    insert 
    into
        cabinet_t
        (create_at, cabinet_department, update_at) 
    values
        (?, ?, ?)
Hibernate: 
    insert 
    into
        cabinet_t
        (create_at, cabinet_department, update_at) 
    values
        (?, ?, ?)
Hibernate: 
    insert 
    into
        cabinet_t
        (create_at, cabinet_department, update_at) 
    values
        (?, ?, ?)
Hibernate: 
    insert 
    into
        cabinet_t
        (create_at, cabinet_department, update_at) 
    values
        (?, ?, ?)
Hibernate: 
    insert 
    into
        cabinet_t
        (create_at, cabinet_department, update_at) 
    values
        (?, ?, ?)
Hibernate: 
    insert 
    into
        cabinet_t
        (create_at, cabinet_department, update_at) 
    values
        (?, ?, ?)
Hibernate: 
    insert 
    into
        cabinet_t
        (create_at, cabinet_department, update_at) 
    values
        (?, ?, ?)
Hibernate: 
    insert 
    into
        cabinet_t
        (create_at, cabinet_department, update_at) 
    values
        (?, ?, ?)
Hibernate: 
    insert 
    into
        cabinet_t
        (create_at, cabinet_department, update_at) 
    values
        (?, ?, ?)
Hibernate: 
    insert 
    into
        cabinet_t
        (create_at, cabinet_department, update_at) 
    values
        (?, ?, ?)
Hibernate: 
    insert 
    into
        cabinet_t
        (create_at, cabinet_department, update_at) 
    values
        (?, ?, ?)
Hibernate: 
    insert 
    into
        cabinet_t
        (create_at, cabinet_department, update_at) 
    values
        (?, ?, ?)
Hibernate: 
    insert 
    into
        cabinet_t
        (create_at, cabinet_department, update_at) 
    values
        (?, ?, ?)
Hibernate: 
    insert 
    into
        cabinet_t
        (create_at, cabinet_department, update_at) 
    values
        (?, ?, ?)
Hibernate: 
    insert 
    into
        cabinet_t
        (create_at, cabinet_department, update_at) 
    values
        (?, ?, ?)
Hibernate: 
    insert 
    into
        cabinet_t
        (create_at, cabinet_department, update_at) 
    values
        (?, ?, ?)
Hibernate: 
    insert 
    into
        cabinet_t
        (create_at, cabinet_department, update_at) 
    values
        (?, ?, ?)
Hibernate: 
    insert 
    into
        cabinet_t
        (create_at, cabinet_department, update_at) 
    values
        (?, ?, ?)
Hibernate: 
    insert 
    into
        cabinet_t
        (create_at, cabinet_department, update_at) 
    values
        (?, ?, ?)
Hibernate: 
    insert 
    into
        cabinet_t
        (create_at, cabinet_department, update_at) 
    values
        (?, ?, ?)
Hibernate: 
    insert 
    into
        cabinet_t
        (create_at, cabinet_department, update_at) 
    values
        (?, ?, ?)
Hibernate: 
    insert 
    into
        cabinet_t
        (create_at, cabinet_department, update_at) 
    values
        (?, ?, ?)
Hibernate: 
    insert 
    into
        cabinet_t
        (create_at, cabinet_department, update_at) 
    values
        (?, ?, ?)
Hibernate: 
    insert 
    into
        cabinet_t
        (create_at, cabinet_department, update_at) 
    values
        (?, ?, ?)
Hibernate: 
    insert 
    into
        cabinet_t
        (create_at, cabinet_department, update_at) 
    values
        (?, ?, ?)
Hibernate: 
    insert 
    into
        cabinet_t
        (create_at, cabinet_department, update_at) 
    values
        (?, ?, ?)
Hibernate: 
    insert 
    into
        cabinet_t
        (create_at, cabinet_department, update_at) 
    values
        (?, ?, ?)
Hibernate: 
    insert 
    into
        cabinet_t
        (create_at, cabinet_department, update_at) 
    values
        (?, ?, ?)
Hibernate: 
    insert 
    into
        cabinet_t
        (create_at, cabinet_department, update_at) 
    values
        (?, ?, ?)
Hibernate: 
    insert 
    into
        cabinet_t
        (create_at, cabinet_department, update_at) 
    values
        (?, ?, ?)
Hibernate: 
    insert 
    into
        cabinet_t
        (create_at, cabinet_department, update_at) 
    values
        (?, ?, ?)
Hibernate: 
    insert 
    into
        cabinet_t
        (create_at, cabinet_department, update_at) 
    values
        (?, ?, ?)
Hibernate: 
    insert 
    into
        cabinet_t
        (create_at, cabinet_department, update_at) 
    values
        (?, ?, ?)
Hibernate: 
    insert 
    into
        cabinet_t
        (create_at, cabinet_department, update_at) 
    values
        (?, ?, ?)
Hibernate: 
    insert 
    into
        cabinet_t
        (create_at, cabinet_department, update_at) 
    values
        (?, ?, ?)
Hibernate: 
    insert 
    into
        cabinet_t
        (create_at, cabinet_department, update_at) 
    values
        (?, ?, ?)
Hibernate: 
    insert 
    into
        cabinet_t
        (create_at, cabinet_department, update_at) 
    values
        (?, ?, ?)
Hibernate: 
    insert 
    into
        cabinet_t
        (create_at, cabinet_department, update_at) 
    values
        (?, ?, ?)
Hibernate: 
    insert 
    into
        cabinet_t
        (create_at, cabinet_department, update_at) 
    values
        (?, ?, ?)
Hibernate: 
    insert 
    into
        cabinet_t
        (create_at, cabinet_department, update_at) 
    values
        (?, ?, ?)
Hibernate: 
    insert 
    into
        cabinet_t
        (create_at, cabinet_department, update_at) 
    values
        (?, ?, ?)
Hibernate: 
    insert 
    into
        cabinet_t
        (create_at, cabinet_department, update_at) 
    values
        (?, ?, ?)
Hibernate: 
    insert 
    into
        cabinet_t
        (create_at, cabinet_department, update_at) 
    values
        (?, ?, ?)
Hibernate: 
    insert 
    into
        cabinet_t
        (create_at, cabinet_department, update_at) 
    values
        (?, ?, ?)
Hibernate: 
    insert 
    into
        cabinet_t
        (create_at, cabinet_department, update_at) 
    values
        (?, ?, ?)
Hibernate: 
    insert 
    into
        cabinet_t
        (create_at, cabinet_department, update_at) 
    values
        (?, ?, ?)
Hibernate: 
    insert 
    into
        cabinet_t
        (create_at, cabinet_department, update_at) 
    values
        (?, ?, ?)
Hibernate: 
    insert 
    into
        cabinet_t
        (create_at, cabinet_department, update_at) 
    values
        (?, ?, ?)
Hibernate: 
    insert 
    into
        cabinet_t
        (create_at, cabinet_department, update_at) 
    values
        (?, ?, ?)
Hibernate: 
    insert 
    into
        cabinet_t
        (create_at, cabinet_department, update_at) 
    values
        (?, ?, ?)
Hibernate: 
    insert 
    into
        cabinet_t
        (create_at, cabinet_department, update_at) 
    values
        (?, ?, ?)
Hibernate: 
    insert 
    into
        cabinet_t
        (create_at, cabinet_department, update_at) 
    values
        (?, ?, ?)
Hibernate: 
    insert 
    into
        cabinet_t
        (create_at, cabinet_department, update_at) 
    values
        (?, ?, ?)
Hibernate: 
    insert 
    into
        cabinet_t
        (create_at, cabinet_department, update_at) 
    values
        (?, ?, ?)
Hibernate: 
    insert 
    into
        cabinet_t
        (create_at, cabinet_department, update_at) 
    values
        (?, ?, ?)
Hibernate: 
    insert 
    into
        cabinet_t
        (create_at, cabinet_department, update_at) 
    values
        (?, ?, ?)
Hibernate: 
    insert 
    into
        cabinet_t
        (create_at, cabinet_department, update_at) 
    values
        (?, ?, ?)
Hibernate: 
    insert 
    into
        cabinet_t
        (create_at, cabinet_department, update_at) 
    values
        (?, ?, ?)
Hibernate: 
    insert 
    into
        cabinet_t
        (create_at, cabinet_department, update_at) 
    values
        (?, ?, ?)
Hibernate: 
    insert 
    into
        cabinet_t
        (create_at, cabinet_department, update_at) 
    values
        (?, ?, ?)
Hibernate: 
    insert 
    into
        cabinet_t
        (create_at, cabinet_department, update_at) 
    values
        (?, ?, ?)
Hibernate: 
    insert 
    into
        cabinet_t
        (create_at, cabinet_department, update_at) 
    values
        (?, ?, ?)
Hibernate: 
    insert 
    into
        cabinet_t
        (create_at, cabinet_department, update_at) 
    values
        (?, ?, ?)
Hibernate: 
    insert 
    into
        cabinet_t
        (create_at, cabinet_department, update_at) 
    values
        (?, ?, ?)
Hibernate: 
    insert 
    into
        cabinet_t
        (create_at, cabinet_department, update_at) 
    values
        (?, ?, ?)
Hibernate: 
    insert 
    into
        cabinet_t
        (create_at, cabinet_department, update_at) 
    values
        (?, ?, ?)
Hibernate: 
    insert 
    into
        cabinet_t
        (create_at, cabinet_department, update_at) 
    values
        (?, ?, ?)
Hibernate: 
    insert 
    into
        cabinet_t
        (create_at, cabinet_department, update_at) 
    values
        (?, ?, ?)
Hibernate: 
    insert 
    into
        cabinet_t
        (create_at, cabinet_department, update_at) 
    values
        (?, ?, ?)
Hibernate: 
    insert 
    into
        cabinet_t
        (create_at, cabinet_department, update_at) 
    values
        (?, ?, ?)
Hibernate: 
    insert 
    into
        cabinet_t
        (create_at, cabinet_department, update_at) 
    values
        (?, ?, ?)
Hibernate: 
    insert 
    into
        cabinet_t
        (create_at, cabinet_department, update_at) 
    values
        (?, ?, ?)
Hibernate: 
    insert 
    into
        cabinet_t
        (create_at, cabinet_department, update_at) 
    values
        (?, ?, ?)
Hibernate: 
    insert 
    into
        cabinet_t
        (create_at, cabinet_department, update_at) 
    values
        (?, ?, ?)
Hibernate: 
    insert 
    into
        cabinet_t
        (create_at, cabinet_department, update_at) 
    values
        (?, ?, ?)
Hibernate: 
    insert 
    into
        cabinet_t
        (create_at, cabinet_department, update_at) 
    values
        (?, ?, ?)
Hibernate: 
    insert 
    into
        cabinet_t
        (create_at, cabinet_department, update_at) 
    values
        (?, ?, ?)
Hibernate: 
    insert 
    into
        cabinet_t
        (create_at, cabinet_department, update_at) 
    values
        (?, ?, ?)
Hibernate: 
    insert 
    into
        cabinet_t
        (create_at, cabinet_department, update_at) 
    values
        (?, ?, ?)
Hibernate: 
    insert 
    into
        cabinet_t
        (create_at, cabinet_department, update_at) 
    values
        (?, ?, ?)
Hibernate: 
    insert 
    into
        cabinet_t
        (create_at, cabinet_department, update_at) 
    values
        (?, ?, ?)
Hibernate: 
    insert 
    into
        cabinet_t
        (create_at, cabinet_department, update_at) 
    values
        (?, ?, ?)
Hibernate: 
    insert 
    into
        cabinet_t
        (create_at, cabinet_department, update_at) 
    values
        (?, ?, ?)
Hibernate: 
    insert 
    into
        cabinet_t
        (create_at, cabinet_department, update_at) 
    values
        (?, ?, ?)
Hibernate: 
    insert 
    into
        cabinet_t
        (create_at, cabinet_department, update_at) 
    values
        (?, ?, ?)
Hibernate: 
    insert 
    into
        cabinet_t
        (create_at, cabinet_department, update_at) 
    values
        (?, ?, ?)
Hibernate: 
    insert 
    into
        cabinet_t
        (create_at, cabinet_department, update_at) 
    values
        (?, ?, ?)
Hibernate: 
    insert 
    into
        cabinet_t
        (create_at, cabinet_department, update_at) 
    values
        (?, ?, ?)
Hibernate: 
    insert 
    into
        cabinet_t
        (create_at, cabinet_department, update_at) 
    values
        (?, ?, ?)
Hibernate: 
    insert 
    into
        cabinet_t
        (create_at, cabinet_department, update_at) 
    values
        (?, ?, ?)
Hibernate: 
    insert 
    into
        cabinet_t
        (create_at, cabinet_department, update_at) 
    values
        (?, ?, ?)
Hibernate: 
    insert 
    into
        cabinet_t
        (create_at, cabinet_department, update_at) 
    values
        (?, ?, ?)
Hibernate: 
    insert 
    into
        cabinet_t
        (create_at, cabinet_department, update_at) 
    values
        (?, ?, ?)
Hibernate: 
    insert 
    into
        cabinet_t
        (create_at, cabinet_department, update_at) 
    values
        (?, ?, ?)
Hibernate: 
    insert 
    into
        cabinet_t
        (create_at, cabinet_department, update_at) 
    values
        (?, ?, ?)
Hibernate: 
    insert 
    into
        cabinet_t
        (create_at, cabinet_department, update_at) 
    values
        (?, ?, ?)
Hibernate: 
    insert 
    into
        cabinet_t
        (create_at, cabinet_department, update_at) 
    values
        (?, ?, ?)
Hibernate: 
    insert 
    into
        cabinet_t
        (create_at, cabinet_department, update_at) 
    values
        (?, ?, ?)
Hibernate: 
    insert 
    into
        cabinet_t
        (create_at, cabinet_department, update_at) 
    values
        (?, ?, ?)
Hibernate: 
    insert 
    into
        cabinet_t
        (create_at, cabinet_department, update_at) 
    values
        (?, ?, ?)
Hibernate: 
    insert 
    into
        cabinet_t
        (create_at, cabinet_department, update_at) 
    values
        (?, ?, ?)
Hibernate: 
    insert 
    into
        cabinet_t
        (create_at, cabinet_department, update_at) 
    values
        (?, ?, ?)
Hibernate: 
    insert 
    into
        cabinet_t
        (create_at, cabinet_department, update_at) 
    values
        (?, ?, ?)
Hibernate: 
    insert 
    into
        cabinet_t
        (create_at, cabinet_department, update_at) 
    values
        (?, ?, ?)
Hibernate: 
    insert 
    into
        cabinet_t
        (create_at, cabinet_department, update_at) 
    values
        (?, ?, ?)
Hibernate: 
    insert 
    into
        cabinet_t
        (create_at, cabinet_department, update_at) 
    values
        (?, ?, ?)
Hibernate: 
    insert 
    into
        cabinet_t
        (create_at, cabinet_department, update_at) 
    values
        (?, ?, ?)
Hibernate: 
    insert 
    into
        cabinet_t
        (create_at, cabinet_department, update_at) 
    values
        (?, ?, ?)
Hibernate: 
    insert 
    into
        cabinet_t
        (create_at, cabinet_department, update_at) 
    values
        (?, ?, ?)
Hibernate: 
    insert 
    into
        cabinet_t
        (create_at, cabinet_department, update_at) 
    values
        (?, ?, ?)
Hibernate: 
    insert 
    into
        cabinet_t
        (create_at, cabinet_department, update_at) 
    values
        (?, ?, ?)
Hibernate: 
    insert 
    into
        cabinet_t
        (create_at, cabinet_department, update_at) 
    values
        (?, ?, ?)
Hibernate: 
    insert 
    into
        cabinet_t
        (create_at, cabinet_department, update_at) 
    values
        (?, ?, ?)
Hibernate: 
    insert 
    into
        cabinet_t
        (create_at, cabinet_department, update_at) 
    values
        (?, ?, ?)
Hibernate: 
    insert 
    into
        cabinet_t
        (create_at, cabinet_department, update_at) 
    values
        (?, ?, ?)
Hibernate: 
    insert 
    into
        cabinet_t
        (create_at, cabinet_department, update_at) 
    values
        (?, ?, ?)
Hibernate: 
    insert 
    into
        cabinet_t
        (create_at, cabinet_department, update_at) 
    values
        (?, ?, ?)
Hibernate: 
    insert 
    into
        cabinet_t
        (create_at, cabinet_department, update_at) 
    values
        (?, ?, ?)
Hibernate: 
    insert 
    into
        cabinet_t
        (create_at, cabinet_department, update_at) 
    values
        (?, ?, ?)
Hibernate: 
    insert 
    into
        cabinet_t
        (create_at, cabinet_department, update_at) 
    values
        (?, ?, ?)
Hibernate: 
    insert 
    into
        cabinet_t
        (create_at, cabinet_department, update_at) 
    values
        (?, ?, ?)
Hibernate: 
    insert 
    into
        cabinet_t
        (create_at, cabinet_department, update_at) 
    values
        (?, ?, ?)
Hibernate: 
    insert 
    into
        cabinet_t
        (create_at, cabinet_department, update_at) 
    values
        (?, ?, ?)
Hibernate: 
    insert 
    into
        cabinet_t
        (create_at, cabinet_department, update_at) 
    values
        (?, ?, ?)
Hibernate: 
    insert 
    into
        cabinet_t
        (create_at, cabinet_department, update_at) 
    values
        (?, ?, ?)
Hibernate: 
    insert 
    into
        cabinet_t
        (create_at, cabinet_department, update_at) 
    values
        (?, ?, ?)
Hibernate: 
    insert 
    into
        cabinet_t
        (create_at, cabinet_department, update_at) 
    values
        (?, ?, ?)
Hibernate: 
    insert 
    into
        cabinet_t
        (create_at, cabinet_department, update_at) 
    values
        (?, ?, ?)
Hibernate: 
    insert 
    into
        cabinet_t
        (create_at, cabinet_department, update_at) 
    values
        (?, ?, ?)
Hibernate: 
    insert 
    into
        cabinet_t
        (create_at, cabinet_department, update_at) 
    values
        (?, ?, ?)
Hibernate: 
    insert 
    into
        cabinet_t
        (create_at, cabinet_department, update_at) 
    values
        (?, ?, ?)
Hibernate: 
    insert 
    into
        cabinet_t
        (create_at, cabinet_department, update_at) 
    values
        (?, ?, ?)
Hibernate: 
    insert 
    into
        cabinet_t
        (create_at, cabinet_department, update_at) 
    values
        (?, ?, ?)
Hibernate: 
    insert 
    into
        cabinet_t
        (create_at, cabinet_department, update_at) 
    values
        (?, ?, ?)
Hibernate: 
    insert 
    into
        cabinet_t
        (create_at, cabinet_department, update_at) 
    values
        (?, ?, ?)
Hibernate: 
    insert 
    into
        cabinet_t
        (create_at, cabinet_department, update_at) 
    values
        (?, ?, ?)
Hibernate: 
    insert 
    into
        cabinet_t
        (create_at, cabinet_department, update_at) 
    values
        (?, ?, ?)
Hibernate: 
    insert 
    into
        cabinet_t
        (create_at, cabinet_department, update_at) 
    values
        (?, ?, ?)
Hibernate: 
    insert 
    into
        cabinet_t
        (create_at, cabinet_department, update_at) 
    values
        (?, ?, ?)
Hibernate: 
    insert 
    into
        cabinet_t
        (create_at, cabinet_department, update_at) 
    values
        (?, ?, ?)
Hibernate: 
    insert 
    into
        cabinet_t
        (create_at, cabinet_department, update_at) 
    values
        (?, ?, ?)
Hibernate: 
    insert 
    into
        cabinet_t
        (create_at, cabinet_department, update_at) 
    values
        (?, ?, ?)
Hibernate: 
    insert 
    into
        cabinet_t
        (create_at, cabinet_department, update_at) 
    values
        (?, ?, ?)
Hibernate: 
    insert 
    into
        cabinet_t
        (create_at, cabinet_department, update_at) 
    values
        (?, ?, ?)
Hibernate: 
    insert 
    into
        cabinet_t
        (create_at, cabinet_department, update_at) 
    values
        (?, ?, ?)
Hibernate: 
    insert 
    into
        cabinet_t
        (create_at, cabinet_department, update_at) 
    values
        (?, ?, ?)
Hibernate: 
    insert 
    into
        cabinet_t
        (create_at, cabinet_department, update_at) 
    values
        (?, ?, ?)
Hibernate: 
    insert 
    into
        cabinet_t
        (create_at, cabinet_department, update_at) 
    values
        (?, ?, ?)
Hibernate: 
    insert 
    into
        cabinet_t
        (create_at, cabinet_department, update_at) 
    values
        (?, ?, ?)
Hibernate: 
    insert 
    into
        cabinet_t
        (create_at, cabinet_department, update_at) 
    values
        (?, ?, ?)
Hibernate: 
    insert 
    into
        cabinet_t
        (create_at, cabinet_department, update_at) 
    values
        (?, ?, ?)
Hibernate: 
    insert 
    into
        cabinet_t
        (create_at, cabinet_department, update_at) 
    values
        (?, ?, ?)
Hibernate: 
    insert 
    into
        cabinet_t
        (create_at, cabinet_department, update_at) 
    values
        (?, ?, ?)
Hibernate: 
    insert 
    into
        cabinet_t
        (create_at, cabinet_department, update_at) 
    values
        (?, ?, ?)
Hibernate: 
    insert 
    into
        cabinet_t
        (create_at, cabinet_department, update_at) 
    values
        (?, ?, ?)
Hibernate: 
    insert 
    into
        cabinet_t
        (create_at, cabinet_department, update_at) 
    values
        (?, ?, ?)
Hibernate: 
    insert 
    into
        cabinet_t
        (create_at, cabinet_department, update_at) 
    values
        (?, ?, ?)
Hibernate: 
    insert 
    into
        cabinet_t
        (create_at, cabinet_department, update_at) 
    values
        (?, ?, ?)
Hibernate: 
    insert 
    into
        cabinet_t
        (create_at, cabinet_department, update_at) 
    values
        (?, ?, ?)
Hibernate: 
    insert 
    into
        cabinet_t
        (create_at, cabinet_department, update_at) 
    values
        (?, ?, ?)
Hibernate: 
    insert 
    into
        cabinet_t
        (create_at, cabinet_department, update_at) 
    values
        (?, ?, ?)
Hibernate: 
    insert 
    into
        cabinet_t
        (create_at, cabinet_department, update_at) 
    values
        (?, ?, ?)
Hibernate: 
    insert 
    into
        cabinet_t
        (create_at, cabinet_department, update_at) 
    values
        (?, ?, ?)
Hibernate: 
    insert 
    into
        cabinet_t
        (create_at, cabinet_department, update_at) 
    values
        (?, ?, ?)
]]></system-out>
  <system-err><![CDATA[]]></system-err>
</testsuite>
