<?xml version="1.0" encoding="UTF-8"?>
<testsuite name="com.project.dudu.repositories.MessageRepositoryTest" tests="1" skipped="0" failures="0" errors="0" timestamp="2024-10-22T11:15:33" hostname="DESKTOP-C55DRCC" time="0.741">
  <properties/>
  <testcase name="addMessage()" classname="com.project.dudu.repositories.MessageRepositoryTest" time="0.741"/>
  <system-out><![CDATA[20:15:27.547 [Test worker] INFO org.springframework.test.context.support.AnnotationConfigContextLoaderUtils -- Could not detect default configuration classes for test class [com.project.dudu.repositories.MessageRepositoryTest]: MessageRepositoryTest does not declare any static, non-private, non-final, nested classes annotated with @Configuration.
20:15:27.704 [Test worker] INFO org.springframework.boot.test.context.SpringBootTestContextBootstrapper -- Found @SpringBootConfiguration com.project.dudu.DuduApplication for test class com.project.dudu.repositories.MessageRepositoryTest

  .   ____          _            __ _ _
 /\\ / ___'_ __ _ _(_)_ __  __ _ \ \ \ \
( ( )\___ | '_ | '_| | '_ \/ _` | \ \ \ \
 \\/  ___)| |_)| | | | | || (_| |  ) ) ) )
  '  |____| .__|_| |_|_| |_\__, | / / / /
 =========|_|==============|___/=/_/_/_/
 :: Spring Boot ::               (v3.2.10)

2024-10-22T20:15:28.214+09:00  INFO 13888 --- [dudu] [    Test worker] c.p.d.r.MessageRepositoryTest            : Starting MessageRepositoryTest using Java 17.0.11 with PID 13888 (started by qorwh in C:\Users\qorwh\OneDrive\바탕 화면\학교\24-2학기\도전학기\dudu\dudu)
2024-10-22T20:15:28.215+09:00  INFO 13888 --- [dudu] [    Test worker] c.p.d.r.MessageRepositoryTest            : No active profile set, falling back to 1 default profile: "default"
2024-10-22T20:15:29.087+09:00  INFO 13888 --- [dudu] [    Test worker] .s.d.r.c.RepositoryConfigurationDelegate : Bootstrapping Spring Data JPA repositories in DEFAULT mode.
2024-10-22T20:15:29.186+09:00  INFO 13888 --- [dudu] [    Test worker] .s.d.r.c.RepositoryConfigurationDelegate : Finished Spring Data repository scanning in 85 ms. Found 6 JPA repository interfaces.
2024-10-22T20:15:29.767+09:00  INFO 13888 --- [dudu] [    Test worker] o.hibernate.jpa.internal.util.LogHelper  : HHH000204: Processing PersistenceUnitInfo [name: default]
2024-10-22T20:15:29.844+09:00  INFO 13888 --- [dudu] [    Test worker] org.hibernate.Version                    : HHH000412: Hibernate ORM core version 6.4.10.Final
2024-10-22T20:15:29.908+09:00  INFO 13888 --- [dudu] [    Test worker] o.h.c.internal.RegionFactoryInitiator    : HHH000026: Second-level cache disabled
2024-10-22T20:15:30.253+09:00  INFO 13888 --- [dudu] [    Test worker] o.s.o.j.p.SpringPersistenceUnitInfo      : No LoadTimeWeaver setup: ignoring JPA class transformer
2024-10-22T20:15:30.292+09:00  INFO 13888 --- [dudu] [    Test worker] com.zaxxer.hikari.HikariDataSource       : HikariPool-1 - Starting...
2024-10-22T20:15:30.477+09:00  INFO 13888 --- [dudu] [    Test worker] com.zaxxer.hikari.pool.HikariPool        : HikariPool-1 - Added connection com.mysql.cj.jdbc.ConnectionImpl@47f0f414
2024-10-22T20:15:30.479+09:00  INFO 13888 --- [dudu] [    Test worker] com.zaxxer.hikari.HikariDataSource       : HikariPool-1 - Start completed.
2024-10-22T20:15:31.893+09:00  INFO 13888 --- [dudu] [    Test worker] o.h.e.t.j.p.i.JtaPlatformInitiator       : HHH000489: No JTA platform available (set 'hibernate.transaction.jta.platform' to enable JTA platform integration)
2024-10-22T20:15:31.983+09:00  INFO 13888 --- [dudu] [    Test worker] j.LocalContainerEntityManagerFactoryBean : Initialized JPA EntityManagerFactory for persistence unit 'default'
2024-10-22T20:15:32.284+09:00  INFO 13888 --- [dudu] [    Test worker] o.s.d.j.r.query.QueryEnhancerFactory     : Hibernate is in classpath; If applicable, HQL parser will be used.
2024-10-22T20:15:33.469+09:00  INFO 13888 --- [dudu] [    Test worker] c.p.d.r.MessageRepositoryTest            : Started MessageRepositoryTest in 5.593 seconds (process running for 7.045)
Hibernate: 
    select
        se1_0.student_id,
        se1_0.create_at,
        se1_0.department,
        se1_0.password,
        se1_0.student_name,
        se1_0.update_at 
    from
        student_t se1_0 
    where
        se1_0.student_id=?
Hibernate: 
    select
        ce1_0.cabinet_id,
        ce1_0.create_at,
        ce1_0.cabinet_department,
        ce1_0.update_at 
    from
        cabinet_t ce1_0 
    where
        ce1_0.cabinet_id=?
Hibernate: 
    insert 
    into
        reservation_t
        (cabinet_id, create_at, reservation_time, reservation_type, student_id, update_at) 
    values
        (?, ?, ?, ?, ?, ?)
Hibernate: 
    insert 
    into
        message_t
        (content, create_at, message_type, reservation_id, title, update_at) 
    values
        (?, ?, ?, ?, ?, ?)
]]></system-out>
  <system-err><![CDATA[]]></system-err>
</testsuite>
